2026-05-22T20:21:09 update: added /01 Peterpan - Walau Habis Terang.mp3
2026-05-22T20:21:09 update: added /01 Reuni.mp3
2026-05-22T20:21:09 update: added /01 Yogyakarta (KLakustik).mp3
2026-05-22T20:21:09 update: added /02 Dia.mp3
2026-05-22T20:21:09 update: added /02 Ingin Hilang Ingatan.mp3
2026-05-22T20:21:09 update: added /02 Ingin Hilang Ingatan(1).mp3
2026-05-22T20:21:09 update: added /02 Keep Being You.mp3
2026-05-22T20:21:09 update: added /02 Terbang.mp3
2026-05-22T20:21:09 update: added /03 Bungaku.mp3
2026-05-22T20:21:09 update: added /03 Cinta Dan Rahasia (feat. Glenn Fr.mp3
2026-05-22T20:21:09 update: added /03 Hampa.mp3
2026-05-22T20:21:09 update: added /03 Jangan Dulu Tenggelam.mp3
2026-05-22T20:21:09 update: added /04 Hitam Putih Dunia.mp3
2026-05-22T20:21:09 update: added /04 Peterpan - Mungkin Nanti.mp3
2026-05-22T20:21:09 update: added /05 Hari Untukmu.mp3
2026-05-22T20:21:09 update: added /05 Special Buat Kamu.mp3
2026-05-22T20:21:09 update: added /06. Child.mp3
2026-05-22T20:21:09 update: added /06 Cintailah Aku Sepenuh Hati.mp3
2026-05-22T20:21:09 update: added /06 Peterpan - Semua Tentang Kita.mp3
2026-05-22T20:21:09 update: added /07 Lagu Rindu.mp3
2026-05-22T20:21:09 update: added /07 Peterpan - Ada Apa Denganmu.mp3
2026-05-22T20:21:09 update: added /09 Berawal Dari Tatap.mp3
2026-05-22T20:21:09 update: added /09 Peterpan - Menghapus Jejakmu.mp3
2026-05-22T20:21:09 update: added /10 Penjaga Hati.mp3
2026-05-22T20:21:09 update: added /11 Peterpan - Diatas Normal.mp3
2026-05-22T20:21:09 update: added /13 Peterpan - Dibalik Awan.mp3
2026-05-22T20:21:09 update: added /14 Peterpan - Kukatakan Dengan Indah.mp3
2026-05-22T20:21:09 update: added /22 Peterpan - Khayalan Tingkat Tinggi.mp3
2026-05-22T20:22:33 player: played "01 Peterpan - Walau Habis Terang.mp3"
2026-05-22T20:22:34 player: played "01 Peterpan - Walau Habis Terang.mp3"
2026-05-22T20:23:37 player: played "02 Dia.mp3"
2026-05-22T20:26:11 player: played "14 Peterpan - Kukatakan Dengan Indah.mp3"
2026-05-22T20:29:18 player: played "09 Peterpan - Menghapus Jejakmu.mp3"
2026-05-22T20:33:40 player: played "09 Berawal Dari Tatap.mp3"
2026-05-22T20:37:49 player: played "10 Penjaga Hati.mp3"
2026-05-22T20:42:02 player: played "06. Child.mp3"
2026-05-23T22:33:01 player: played "06. Child.mp3"
